# JRE version: OpenJDK Runtime Environment (8.0_111-b14) (build 1.8.0_111-8u111-b14-2ubuntu0.16.04.2-b14)
# Java VM: OpenJDK 64-Bit Server VM (25.111-b14 mixed mode linux-amd64 compressed oops)
Heap:
 PSYoungGen      total 198144K, used 6677K [0x00000000d6e00000, 0x00000000e6580000, 0x0000000100000000)
  eden space 148992K, 0% used [0x00000000d6e00000,0x00000000d6e00000,0x00000000dff80000)
  from space 49152K, 13% used [0x00000000e3580000,0x00000000e3c05760,0x00000000e6580000)
  to   space 52224K, 0% used [0x00000000dff80000,0x00000000dff80000,0x00000000e3280000)
 ParOldGen       total 175104K, used 144261K [0x0000000084a00000, 0x000000008f500000, 0x00000000d6e00000)
  object space 175104K, 82% used [0x0000000084a00000,0x000000008d6e1770,0x000000008f500000)
 Metaspace       used 33613K, capacity 34170K, committed 34432K, reserved 1079296K
  class space    used 4042K, capacity 4202K, committed 4224K, reserved 1048576K
GC Heap History (10 events):
Event: 11.931 GC heap after
Heap after GC invocations=10 (full 1):
 PSYoungGen      total 132096K, used 9205K [0x00000000d6e00000, 0x00000000e1200000, 0x0000000100000000)
  eden space 122880K, 0% used [0x00000000d6e00000,0x00000000d6e00000,0x00000000de600000)
  from space 9216K, 99% used [0x00000000de600000,0x00000000deefd710,0x00000000def00000)
  to   space 14336K, 0% used [0x00000000e0400000,0x00000000e0400000,0x00000000e1200000)
 ParOldGen       total 59392K, used 21394K [0x0000000084a00000, 0x0000000088400000, 0x00000000d6e00000)
  object space 59392K, 36% used [0x0000000084a00000,0x0000000085ee4ac8,0x0000000088400000)
 Metaspace       used 30959K, capacity 31356K, committed 31616K, reserved 1077248K
  class space    used 3724K, capacity 3865K, committed 3968K, reserved 1048576K
}
Event: 12.489 GC heap before
{Heap before GC invocations=11 (full 1):
 PSYoungGen      total 132096K, used 132085K [0x00000000d6e00000, 0x00000000e1200000, 0x0000000100000000)
  eden space 122880K, 100% used [0x00000000d6e00000,0x00000000de600000,0x00000000de600000)
  from space 9216K, 99% used [0x00000000de600000,0x00000000deefd710,0x00000000def00000)
  to   space 14336K, 0% used [0x00000000e0400000,0x00000000e0400000,0x00000000e1200000)
 ParOldGen       total 59392K, used 21394K [0x0000000084a00000, 0x0000000088400000, 0x00000000d6e00000)
  object space 59392K, 36% used [0x0000000084a00000,0x0000000085ee4ac8,0x0000000088400000)
 Metaspace       used 31155K, capacity 31616K, committed 31872K, reserved 1077248K
  class space    used 3749K, capacity 3887K, committed 3968K, reserved 1048576K
Event: 12.696 GC heap after
Heap after GC invocations=11 (full 1):
 PSYoungGen      total 129536K, used 14321K [0x00000000d6e00000, 0x00000000e6f00000, 0x0000000100000000)
  eden space 115200K, 0% used [0x00000000d6e00000,0x00000000d6e00000,0x00000000dde80000)
  from space 14336K, 99% used [0x00000000e0400000,0x00000000e11fc6f0,0x00000000e1200000)
  to   space 38400K, 0% used [0x00000000dde80000,0x00000000dde80000,0x00000000e0400000)
 ParOldGen       total 82944K, used 82283K [0x0000000084a00000, 0x0000000089b00000, 0x00000000d6e00000)
  object space 82944K, 99% used [0x0000000084a00000,0x0000000089a5ad40,0x0000000089b00000)
 Metaspace       used 31155K, capacity 31616K, committed 31872K, reserved 1077248K
  class space    used 3749K, capacity 3887K, committed 3968K, reserved 1048576K
}
Event: 12.696 GC heap before
{Heap before GC invocations=12 (full 2):
 PSYoungGen      total 129536K, used 14321K [0x00000000d6e00000, 0x00000000e6f00000, 0x0000000100000000)
  eden space 115200K, 0% used [0x00000000d6e00000,0x00000000d6e00000,0x00000000dde80000)
  from space 14336K, 99% used [0x00000000e0400000,0x00000000e11fc6f0,0x00000000e1200000)
  to   space 38400K, 0% used [0x00000000dde80000,0x00000000dde80000,0x00000000e0400000)
 ParOldGen       total 82944K, used 82283K [0x0000000084a00000, 0x0000000089b00000, 0x00000000d6e00000)
  object space 82944K, 99% used [0x0000000084a00000,0x0000000089a5ad40,0x0000000089b00000)
 Metaspace       used 31155K, capacity 31616K, committed 31872K, reserved 1077248K
  class space    used 3749K, capacity 3887K, committed 3968K, reserved 1048576K
Event: 13.586 GC heap after
Heap after GC invocations=12 (full 2):
 PSYoungGen      total 129536K, used 7656K [0x00000000d6e00000, 0x00000000e6f00000, 0x0000000100000000)
  eden space 115200K, 0% used [0x00000000d6e00000,0x00000000d6e00000,0x00000000dde80000)
  from space 14336K, 53% used [0x00000000e0400000,0x00000000e0b7a258,0x00000000e1200000)
  to   space 38400K, 0% used [0x00000000dde80000,0x00000000dde80000,0x00000000e0400000)
 ParOldGen       total 175104K, used 82349K [0x0000000084a00000, 0x000000008f500000, 0x00000000d6e00000)
  object space 175104K, 47% used [0x0000000084a00000,0x0000000089a6b4f0,0x000000008f500000)
 Metaspace       used 31155K, capacity 31616K, committed 31872K, reserved 1077248K
  class space    used 3749K, capacity 3887K, committed 3968K, reserved 1048576K
}
Event: 14.122 GC heap before
{Heap before GC invocations=13 (full 2):
 PSYoungGen      total 129536K, used 122856K [0x00000000d6e00000, 0x00000000e6f00000, 0x0000000100000000)
  eden space 115200K, 100% used [0x00000000d6e00000,0x00000000dde80000,0x00000000dde80000)
  from space 14336K, 53% used [0x00000000e0400000,0x00000000e0b7a258,0x00000000e1200000)
  to   space 38400K, 0% used [0x00000000dde80000,0x00000000dde80000,0x00000000e0400000)
 ParOldGen       total 175104K, used 82349K [0x0000000084a00000, 0x000000008f500000, 0x00000000d6e00000)
  object space 175104K, 47% used [0x0000000084a00000,0x0000000089a6b4f0,0x000000008f500000)
 Metaspace       used 31411K, capacity 31870K, committed 32128K, reserved 1077248K
  class space    used 3777K, capacity 3924K, committed 3968K, reserved 1048576K
Event: 14.232 GC heap after
Heap after GC invocations=13 (full 2):
 PSYoungGen      total 153600K, used 38382K [0x00000000d6e00000, 0x00000000e6a00000, 0x0000000100000000)
  eden space 115200K, 0% used [0x00000000d6e00000,0x00000000d6e00000,0x00000000dde80000)
  from space 38400K, 99% used [0x00000000dde80000,0x00000000e03fba38,0x00000000e0400000)
  to   space 53760K, 0% used [0x00000000e3580000,0x00000000e3580000,0x00000000e6a00000)
 ParOldGen       total 175104K, used 105786K [0x0000000084a00000, 0x000000008f500000, 0x00000000d6e00000)
  object space 175104K, 60% used [0x0000000084a00000,0x000000008b14e990,0x000000008f500000)
 Metaspace       used 31411K, capacity 31870K, committed 32128K, reserved 1077248K
  class space    used 3777K, capacity 3924K, committed 3968K, reserved 1048576K
}
Event: 15.787 GC heap before
{Heap before GC invocations=14 (full 2):
 PSYoungGen      total 153600K, used 153582K [0x00000000d6e00000, 0x00000000e6a00000, 0x0000000100000000)
  eden space 115200K, 100% used [0x00000000d6e00000,0x00000000dde80000,0x00000000dde80000)
  from space 38400K, 99% used [0x00000000dde80000,0x00000000e03fba38,0x00000000e0400000)
  to   space 53760K, 0% used [0x00000000e3580000,0x00000000e3580000,0x00000000e6a00000)
 ParOldGen       total 175104K, used 105786K [0x0000000084a00000, 0x000000008f500000, 0x00000000d6e00000)
  object space 175104K, 60% used [0x0000000084a00000,0x000000008b14e990,0x000000008f500000)
 Metaspace       used 33613K, capacity 34170K, committed 34432K, reserved 1079296K
  class space    used 4042K, capacity 4202K, committed 4224K, reserved 1048576K
Event: 15.869 GC heap after
Heap after GC invocations=14 (full 2):
 PSYoungGen      total 198144K, used 6677K [0x00000000d6e00000, 0x00000000e6580000, 0x0000000100000000)
  eden space 148992K, 0% used [0x00000000d6e00000,0x00000000d6e00000,0x00000000dff80000)
  from space 49152K, 13% used [0x00000000e3580000,0x00000000e3c05760,0x00000000e6580000)
  to   space 52224K, 0% used [0x00000000dff80000,0x00000000dff80000,0x00000000e3280000)
 ParOldGen       total 175104K, used 144261K [0x0000000084a00000, 0x000000008f500000, 0x00000000d6e00000)
  object space 175104K, 82% used [0x0000000084a00000,0x000000008d6e1770,0x000000008f500000)
 Metaspace       used 33613K, capacity 34170K, committed 34432K, reserved 1079296K
  class space    used 4042K, capacity 4202K, committed 4224K, reserved 1048576K
}
Event: 15.869 GC heap before
{Heap before GC invocations=15 (full 3):
 PSYoungGen      total 198144K, used 6677K [0x00000000d6e00000, 0x00000000e6580000, 0x0000000100000000)
  eden space 148992K, 0% used [0x00000000d6e00000,0x00000000d6e00000,0x00000000dff80000)
  from space 49152K, 13% used [0x00000000e3580000,0x00000000e3c05760,0x00000000e6580000)
  to   space 52224K, 0% used [0x00000000dff80000,0x00000000dff80000,0x00000000e3280000)
 ParOldGen       total 175104K, used 144261K [0x0000000084a00000, 0x000000008f500000, 0x00000000d6e00000)
  object space 175104K, 82% used [0x0000000084a00000,0x000000008d6e1770,0x000000008f500000)
 Metaspace       used 33613K, capacity 34170K, committed 34432K, reserved 1079296K
  class space    used 4042K, capacity 4202K, committed 4224K, reserved 1048576K

